[2023-05-24T13:06:55.466+0000] {taskinstance.py:1083} INFO - Dependencies all met for <TaskInstance: docker-dag.retrive_data manual__2023-05-24T13:06:53.978985+00:00 [queued]>
[2023-05-24T13:06:55.475+0000] {taskinstance.py:1083} INFO - Dependencies all met for <TaskInstance: docker-dag.retrive_data manual__2023-05-24T13:06:53.978985+00:00 [queued]>
[2023-05-24T13:06:55.476+0000] {taskinstance.py:1279} INFO - 
--------------------------------------------------------------------------------
[2023-05-24T13:06:55.476+0000] {taskinstance.py:1280} INFO - Starting attempt 1 of 1
[2023-05-24T13:06:55.477+0000] {taskinstance.py:1281} INFO - 
--------------------------------------------------------------------------------
[2023-05-24T13:06:55.490+0000] {taskinstance.py:1300} INFO - Executing <Task(PostgresOperator): retrive_data> on 2023-05-24 13:06:53.978985+00:00
[2023-05-24T13:06:55.495+0000] {standard_task_runner.py:55} INFO - Started process 2821 to run task
[2023-05-24T13:06:55.499+0000] {standard_task_runner.py:82} INFO - Running: ['***', 'tasks', 'run', 'docker-dag', 'retrive_data', 'manual__2023-05-24T13:06:53.978985+00:00', '--job-id', '16', '--raw', '--subdir', 'DAGS_FOLDER/docker-task.py', '--cfg-path', '/tmp/tmpw2ey9s59']
[2023-05-24T13:06:55.500+0000] {standard_task_runner.py:83} INFO - Job 16: Subtask retrive_data
[2023-05-24T13:06:55.563+0000] {task_command.py:388} INFO - Running <TaskInstance: docker-dag.retrive_data manual__2023-05-24T13:06:53.978985+00:00 [running]> on host fe8636e26e35
[2023-05-24T13:06:55.631+0000] {taskinstance.py:1509} INFO - Exporting the following env vars:
AIRFLOW_CTX_DAG_OWNER=***
AIRFLOW_CTX_DAG_ID=docker-dag
AIRFLOW_CTX_TASK_ID=retrive_data
AIRFLOW_CTX_EXECUTION_DATE=2023-05-24T13:06:53.978985+00:00
AIRFLOW_CTX_TRY_NUMBER=1
AIRFLOW_CTX_DAG_RUN_ID=manual__2023-05-24T13:06:53.978985+00:00
[2023-05-24T13:06:55.632+0000] {sql.py:254} INFO - Executing: select * from test;
[2023-05-24T13:06:55.642+0000] {base.py:73} INFO - Using connection ID 'postgres' for task execution.
[2023-05-24T13:06:55.752+0000] {base.py:73} INFO - Using connection ID 'postgres' for task execution.
[2023-05-24T13:06:55.758+0000] {sql.py:375} INFO - Running statement: select * from test;, parameters: None
[2023-05-24T13:06:55.759+0000] {sql.py:384} INFO - Rows affected: 2
[2023-05-24T13:06:55.780+0000] {taskinstance.py:1323} INFO - Marking task as SUCCESS. dag_id=docker-dag, task_id=retrive_data, execution_date=20230524T130653, start_date=20230524T130655, end_date=20230524T130655
[2023-05-24T13:06:55.833+0000] {local_task_job.py:208} INFO - Task exited with return code 0
[2023-05-24T13:06:55.846+0000] {taskinstance.py:2578} INFO - 0 downstream tasks scheduled from follow-on schedule check
