[2023-05-24T12:03:29.342+0000] {manager.py:483} INFO - Processing files using up to 2 processes at a time 
[2023-05-24T12:03:29.348+0000] {manager.py:484} INFO - Process each file at most once every 30 seconds
[2023-05-24T12:03:29.352+0000] {manager.py:486} INFO - Checking for new files in /opt/airflow/dags every 300 seconds
[2023-05-24T12:03:29.394+0000] {manager.py:726} INFO - Searching for files in /opt/airflow/dags
[2023-05-24T12:03:29.406+0000] {manager.py:729} INFO - There are 0 files in /opt/airflow/dags
[2023-05-24T12:03:57.489+0000] {manager.py:465} INFO - Exiting gracefully upon receiving signal 15
[2023-05-24T12:05:26.573+0000] {manager.py:483} INFO - Processing files using up to 2 processes at a time 
[2023-05-24T12:05:26.577+0000] {manager.py:484} INFO - Process each file at most once every 30 seconds
[2023-05-24T12:05:26.581+0000] {manager.py:486} INFO - Checking for new files in /opt/airflow/dags every 300 seconds
[2023-05-24T12:05:26.586+0000] {manager.py:726} INFO - Searching for files in /opt/airflow/dags
[2023-05-24T12:05:26.590+0000] {manager.py:729} INFO - There are 0 files in /opt/airflow/dags
[2023-05-24T12:10:27.079+0000] {manager.py:726} INFO - Searching for files in /opt/airflow/dags
[2023-05-24T12:10:27.096+0000] {manager.py:729} INFO - There are 1 files in /opt/airflow/dags
[2023-05-24T12:10:29.155+0000] {manager.py:854} INFO - 
================================================================================
DAG File Processing Stats

File Path                         PID    Runtime      # DAGs    # Errors  Last Runtime    Last Run
--------------------------------  -----  ---------  --------  ----------  --------------  -------------------
/opt/airflow/dags/docker-task.py                           1           0  0.28s           2023-05-24T12:10:27
================================================================================
[2023-05-24T12:10:59.647+0000] {manager.py:854} INFO - 
================================================================================
DAG File Processing Stats

File Path                         PID    Runtime      # DAGs    # Errors  Last Runtime    Last Run
--------------------------------  -----  ---------  --------  ----------  --------------  -------------------
/opt/airflow/dags/docker-task.py                           1           0  0.25s           2023-05-24T12:10:57
================================================================================
[2023-05-24T12:11:30.164+0000] {manager.py:854} INFO - 
================================================================================
DAG File Processing Stats

File Path                           PID  Runtime      # DAGs    # Errors  Last Runtime    Last Run
--------------------------------  -----  ---------  --------  ----------  --------------  -------------------
/opt/airflow/dags/docker-task.py    422  0.01s             1           0  0.14s           2023-05-24T12:11:28
================================================================================
[2023-05-24T12:12:00.553+0000] {manager.py:854} INFO - 
================================================================================
DAG File Processing Stats

File Path                         PID    Runtime      # DAGs    # Errors  Last Runtime    Last Run
--------------------------------  -----  ---------  --------  ----------  --------------  -------------------
/opt/airflow/dags/docker-task.py                           1           0  0.14s           2023-05-24T12:11:31
================================================================================
[2023-05-24T12:12:30.972+0000] {manager.py:854} INFO - 
================================================================================
DAG File Processing Stats

File Path                         PID    Runtime      # DAGs    # Errors  Last Runtime    Last Run
--------------------------------  -----  ---------  --------  ----------  --------------  -------------------
/opt/airflow/dags/docker-task.py                           1           0  0.17s           2023-05-24T12:12:02
================================================================================
[2023-05-24T12:13:01.277+0000] {manager.py:854} INFO - 
================================================================================
DAG File Processing Stats

File Path                         PID    Runtime      # DAGs    # Errors  Last Runtime    Last Run
--------------------------------  -----  ---------  --------  ----------  --------------  -------------------
/opt/airflow/dags/docker-task.py                           1           0  0.14s           2023-05-24T12:12:33
================================================================================
[2023-05-24T12:13:30.575+0000] {manager.py:520} INFO - DAG user_processing is missing and will be deactivated.
[2023-05-24T12:13:30.589+0000] {manager.py:530} INFO - Deactivated 1 DAGs which are no longer present in file.
[2023-05-24T12:13:30.598+0000] {manager.py:534} INFO - Deleted DAG user_processing in serialized_dag table
[2023-05-24T12:13:31.617+0000] {manager.py:854} INFO - 
================================================================================
DAG File Processing Stats

File Path                         PID    Runtime      # DAGs    # Errors  Last Runtime    Last Run
--------------------------------  -----  ---------  --------  ----------  --------------  -------------------
/opt/airflow/dags/docker-task.py                           1           0  0.15s           2023-05-24T12:13:03
================================================================================
[2023-05-24T12:14:01.931+0000] {manager.py:854} INFO - 
================================================================================
DAG File Processing Stats

File Path                         PID    Runtime      # DAGs    # Errors  Last Runtime    Last Run
--------------------------------  -----  ---------  --------  ----------  --------------  -------------------
/opt/airflow/dags/docker-task.py                           1           0  0.10s           2023-05-24T12:13:33
================================================================================
[2023-05-24T12:14:32.224+0000] {manager.py:854} INFO - 
================================================================================
DAG File Processing Stats

File Path                         PID    Runtime      # DAGs    # Errors  Last Runtime    Last Run
--------------------------------  -----  ---------  --------  ----------  --------------  -------------------
/opt/airflow/dags/docker-task.py                           1           0  0.14s           2023-05-24T12:14:04
================================================================================
[2023-05-24T12:33:16.513+0000] {manager.py:726} INFO - Searching for files in /opt/airflow/dags
[2023-05-24T12:33:16.575+0000] {manager.py:729} INFO - There are 1 files in /opt/airflow/dags
[2023-05-24T12:33:18.671+0000] {manager.py:854} INFO - 
================================================================================
DAG File Processing Stats

File Path                         PID    Runtime      # DAGs    # Errors  Last Runtime    Last Run
--------------------------------  -----  ---------  --------  ----------  --------------  -------------------
/opt/airflow/dags/docker-task.py                           1           0  0.30s           2023-05-24T12:33:16
================================================================================
[2023-05-24T12:33:49.174+0000] {manager.py:854} INFO - 
================================================================================
DAG File Processing Stats

File Path                         PID    Runtime      # DAGs    # Errors  Last Runtime    Last Run
--------------------------------  -----  ---------  --------  ----------  --------------  -------------------
/opt/airflow/dags/docker-task.py                           1           0  0.18s           2023-05-24T12:33:47
================================================================================
[2023-05-24T12:34:19.410+0000] {manager.py:854} INFO - 
================================================================================
DAG File Processing Stats

File Path                         PID    Runtime      # DAGs    # Errors  Last Runtime    Last Run
--------------------------------  -----  ---------  --------  ----------  --------------  -------------------
/opt/airflow/dags/docker-task.py                           1           0  0.10s           2023-05-24T12:34:17
================================================================================
[2023-05-24T12:34:49.734+0000] {manager.py:854} INFO - 
================================================================================
DAG File Processing Stats

File Path                         PID    Runtime      # DAGs    # Errors  Last Runtime    Last Run
--------------------------------  -----  ---------  --------  ----------  --------------  -------------------
/opt/airflow/dags/docker-task.py                           1           0  0.15s           2023-05-24T12:34:47
================================================================================
[2023-05-24T12:35:20.165+0000] {manager.py:854} INFO - 
================================================================================
DAG File Processing Stats

File Path                         PID    Runtime      # DAGs    # Errors  Last Runtime    Last Run
--------------------------------  -----  ---------  --------  ----------  --------------  -------------------
/opt/airflow/dags/docker-task.py                           1           0  0.16s           2023-05-24T12:35:03
================================================================================
[2023-05-24T12:35:50.580+0000] {manager.py:854} INFO - 
================================================================================
DAG File Processing Stats

File Path                         PID    Runtime      # DAGs    # Errors  Last Runtime    Last Run
--------------------------------  -----  ---------  --------  ----------  --------------  -------------------
/opt/airflow/dags/docker-task.py                           1           0  0.14s           2023-05-24T12:35:22
================================================================================
[2023-05-24T12:36:20.881+0000] {manager.py:854} INFO - 
================================================================================
DAG File Processing Stats

File Path                         PID    Runtime      # DAGs    # Errors  Last Runtime    Last Run
--------------------------------  -----  ---------  --------  ----------  --------------  -------------------
/opt/airflow/dags/docker-task.py                           1           0  0.23s           2023-05-24T12:35:52
================================================================================
[2023-05-24T12:36:51.150+0000] {manager.py:854} INFO - 
================================================================================
DAG File Processing Stats

File Path                         PID    Runtime      # DAGs    # Errors  Last Runtime    Last Run
--------------------------------  -----  ---------  --------  ----------  --------------  -------------------
/opt/airflow/dags/docker-task.py                           1           0  0.12s           2023-05-24T12:36:23
================================================================================
[2023-05-24T12:37:21.491+0000] {manager.py:854} INFO - 
================================================================================
DAG File Processing Stats

File Path                         PID    Runtime      # DAGs    # Errors  Last Runtime    Last Run
--------------------------------  -----  ---------  --------  ----------  --------------  -------------------
/opt/airflow/dags/docker-task.py                           1           0  0.13s           2023-05-24T12:36:53
================================================================================
[2023-05-24T12:37:51.741+0000] {manager.py:854} INFO - 
================================================================================
DAG File Processing Stats

File Path                         PID    Runtime      # DAGs    # Errors  Last Runtime    Last Run
--------------------------------  -----  ---------  --------  ----------  --------------  -------------------
/opt/airflow/dags/docker-task.py                           1           0  0.17s           2023-05-24T12:37:23
================================================================================
[2023-05-24T12:38:17.180+0000] {manager.py:726} INFO - Searching for files in /opt/airflow/dags
[2023-05-24T12:38:17.188+0000] {manager.py:729} INFO - There are 1 files in /opt/airflow/dags
[2023-05-24T12:38:22.239+0000] {manager.py:854} INFO - 
================================================================================
DAG File Processing Stats

File Path                         PID    Runtime      # DAGs    # Errors  Last Runtime    Last Run
--------------------------------  -----  ---------  --------  ----------  --------------  -------------------
/opt/airflow/dags/docker-task.py                           1           0  0.13s           2023-05-24T12:38:10
================================================================================
[2023-05-24T12:38:52.468+0000] {manager.py:854} INFO - 
================================================================================
DAG File Processing Stats

File Path                         PID    Runtime      # DAGs    # Errors  Last Runtime    Last Run
--------------------------------  -----  ---------  --------  ----------  --------------  -------------------
/opt/airflow/dags/docker-task.py                           1           0  0.21s           2023-05-24T12:38:40
================================================================================
[2023-05-24T12:39:22.750+0000] {manager.py:854} INFO - 
================================================================================
DAG File Processing Stats

File Path                         PID    Runtime      # DAGs    # Errors  Last Runtime    Last Run
--------------------------------  -----  ---------  --------  ----------  --------------  -------------------
/opt/airflow/dags/docker-task.py                           1           0  0.14s           2023-05-24T12:39:10
================================================================================
[2023-05-24T12:39:53.048+0000] {manager.py:854} INFO - 
================================================================================
DAG File Processing Stats

File Path                         PID    Runtime      # DAGs    # Errors  Last Runtime    Last Run
--------------------------------  -----  ---------  --------  ----------  --------------  -------------------
/opt/airflow/dags/docker-task.py                           1           0  0.16s           2023-05-24T12:39:41
================================================================================
[2023-05-24T12:40:23.443+0000] {manager.py:854} INFO - 
================================================================================
DAG File Processing Stats

File Path                         PID    Runtime      # DAGs    # Errors  Last Runtime    Last Run
--------------------------------  -----  ---------  --------  ----------  --------------  -------------------
/opt/airflow/dags/docker-task.py                           1           0  0.14s           2023-05-24T12:40:11
================================================================================
[2023-05-24T12:40:53.737+0000] {manager.py:854} INFO - 
================================================================================
DAG File Processing Stats

File Path                         PID    Runtime      # DAGs    # Errors  Last Runtime    Last Run
--------------------------------  -----  ---------  --------  ----------  --------------  -------------------
/opt/airflow/dags/docker-task.py                           1           0  0.16s           2023-05-24T12:40:41
================================================================================
[2023-05-24T12:41:23.999+0000] {manager.py:854} INFO - 
================================================================================
DAG File Processing Stats

File Path                         PID    Runtime      # DAGs    # Errors  Last Runtime    Last Run
--------------------------------  -----  ---------  --------  ----------  --------------  -------------------
/opt/airflow/dags/docker-task.py                           1           0  0.15s           2023-05-24T12:41:12
================================================================================
[2023-05-24T12:41:54.286+0000] {manager.py:854} INFO - 
================================================================================
DAG File Processing Stats

File Path                         PID    Runtime      # DAGs    # Errors  Last Runtime    Last Run
--------------------------------  -----  ---------  --------  ----------  --------------  -------------------
/opt/airflow/dags/docker-task.py                           1           0  0.13s           2023-05-24T12:41:42
================================================================================
[2023-05-24T12:42:24.576+0000] {manager.py:854} INFO - 
================================================================================
DAG File Processing Stats

File Path                         PID    Runtime      # DAGs    # Errors  Last Runtime    Last Run
--------------------------------  -----  ---------  --------  ----------  --------------  -------------------
/opt/airflow/dags/docker-task.py                           1           0  0.15s           2023-05-24T12:42:12
================================================================================
[2023-05-24T12:42:55.014+0000] {manager.py:854} INFO - 
================================================================================
DAG File Processing Stats

File Path                           PID  Runtime      # DAGs    # Errors  Last Runtime    Last Run
--------------------------------  -----  ---------  --------  ----------  --------------  -------------------
/opt/airflow/dags/docker-task.py   1277  0.01s             1           0  0.20s           2023-05-24T12:42:51
================================================================================
[2023-05-24T12:43:17.651+0000] {manager.py:726} INFO - Searching for files in /opt/airflow/dags
[2023-05-24T12:43:17.680+0000] {manager.py:729} INFO - There are 1 files in /opt/airflow/dags
[2023-05-24T12:43:25.793+0000] {manager.py:854} INFO - 
================================================================================
DAG File Processing Stats

File Path                         PID    Runtime      # DAGs    # Errors  Last Runtime    Last Run
--------------------------------  -----  ---------  --------  ----------  --------------  -------------------
/opt/airflow/dags/docker-task.py                           1           0  0.10s           2023-05-24T12:43:17
================================================================================
[2023-05-24T12:43:56.069+0000] {manager.py:854} INFO - 
================================================================================
DAG File Processing Stats

File Path                         PID    Runtime      # DAGs    # Errors  Last Runtime    Last Run
--------------------------------  -----  ---------  --------  ----------  --------------  -------------------
/opt/airflow/dags/docker-task.py                           1           0  0.19s           2023-05-24T12:43:48
================================================================================
[2023-05-24T12:44:22.370+0000] {manager.py:520} INFO - DAG do is missing and will be deactivated.
[2023-05-24T12:44:22.378+0000] {manager.py:520} INFO - DAG docker- is missing and will be deactivated.
[2023-05-24T12:44:22.382+0000] {manager.py:520} INFO - DAG docker-task is missing and will be deactivated.
[2023-05-24T12:44:22.392+0000] {manager.py:530} INFO - Deactivated 3 DAGs which are no longer present in file.
[2023-05-24T12:44:22.398+0000] {manager.py:534} INFO - Deleted DAG docker-task in serialized_dag table
[2023-05-24T12:44:22.402+0000] {manager.py:534} INFO - Deleted DAG docker- in serialized_dag table
[2023-05-24T12:44:22.405+0000] {manager.py:534} INFO - Deleted DAG do in serialized_dag table
[2023-05-24T12:44:26.437+0000] {manager.py:854} INFO - 
================================================================================
DAG File Processing Stats

File Path                         PID    Runtime      # DAGs    # Errors  Last Runtime    Last Run
--------------------------------  -----  ---------  --------  ----------  --------------  -------------------
/opt/airflow/dags/docker-task.py                           1           0  0.15s           2023-05-24T12:44:18
================================================================================
[2023-05-24T12:44:56.703+0000] {manager.py:854} INFO - 
================================================================================
DAG File Processing Stats

File Path                         PID    Runtime      # DAGs    # Errors  Last Runtime    Last Run
--------------------------------  -----  ---------  --------  ----------  --------------  -------------------
/opt/airflow/dags/docker-task.py                           1           0  0.12s           2023-05-24T12:44:48
================================================================================
[2023-05-24T12:45:27.057+0000] {manager.py:854} INFO - 
================================================================================
DAG File Processing Stats

File Path                         PID    Runtime      # DAGs    # Errors  Last Runtime    Last Run
--------------------------------  -----  ---------  --------  ----------  --------------  -------------------
/opt/airflow/dags/docker-task.py                           1           0  0.17s           2023-05-24T12:45:19
================================================================================
[2023-05-24T12:45:57.372+0000] {manager.py:854} INFO - 
================================================================================
DAG File Processing Stats

File Path                         PID    Runtime      # DAGs    # Errors  Last Runtime    Last Run
--------------------------------  -----  ---------  --------  ----------  --------------  -------------------
/opt/airflow/dags/docker-task.py                           1           0  0.11s           2023-05-24T12:45:49
================================================================================
[2023-05-24T12:46:27.689+0000] {manager.py:854} INFO - 
================================================================================
DAG File Processing Stats

File Path                         PID    Runtime      # DAGs    # Errors  Last Runtime    Last Run
--------------------------------  -----  ---------  --------  ----------  --------------  -------------------
/opt/airflow/dags/docker-task.py                           1           0  0.15s           2023-05-24T12:46:19
================================================================================
[2023-05-24T12:46:58.026+0000] {manager.py:854} INFO - 
================================================================================
DAG File Processing Stats

File Path                         PID    Runtime      # DAGs    # Errors  Last Runtime    Last Run
--------------------------------  -----  ---------  --------  ----------  --------------  -------------------
/opt/airflow/dags/docker-task.py                           1           0  0.12s           2023-05-24T12:46:49
================================================================================
[2023-05-24T12:47:28.348+0000] {manager.py:854} INFO - 
================================================================================
DAG File Processing Stats

File Path                         PID    Runtime      # DAGs    # Errors  Last Runtime    Last Run
--------------------------------  -----  ---------  --------  ----------  --------------  -------------------
/opt/airflow/dags/docker-task.py                           1           0  0.13s           2023-05-24T12:47:20
================================================================================
[2023-05-24T12:47:58.638+0000] {manager.py:854} INFO - 
================================================================================
DAG File Processing Stats

File Path                         PID    Runtime      # DAGs    # Errors  Last Runtime    Last Run
--------------------------------  -----  ---------  --------  ----------  --------------  -------------------
/opt/airflow/dags/docker-task.py                           1           0  0.16s           2023-05-24T12:47:50
================================================================================
[2023-05-24T12:48:17.803+0000] {manager.py:726} INFO - Searching for files in /opt/airflow/dags
[2023-05-24T12:48:17.831+0000] {manager.py:729} INFO - There are 1 files in /opt/airflow/dags
[2023-05-24T12:48:28.967+0000] {manager.py:854} INFO - 
================================================================================
DAG File Processing Stats

File Path                         PID    Runtime      # DAGs    # Errors  Last Runtime    Last Run
--------------------------------  -----  ---------  --------  ----------  --------------  -------------------
/opt/airflow/dags/docker-task.py                           1           0  0.14s           2023-05-24T12:48:21
================================================================================
[2023-05-24T12:48:59.277+0000] {manager.py:854} INFO - 
================================================================================
DAG File Processing Stats

File Path                         PID    Runtime      # DAGs    # Errors  Last Runtime    Last Run
--------------------------------  -----  ---------  --------  ----------  --------------  -------------------
/opt/airflow/dags/docker-task.py                           1           0  0.11s           2023-05-24T12:48:51
================================================================================
[2023-05-24T12:49:29.571+0000] {manager.py:854} INFO - 
================================================================================
DAG File Processing Stats

File Path                         PID    Runtime      # DAGs    # Errors  Last Runtime    Last Run
--------------------------------  -----  ---------  --------  ----------  --------------  -------------------
/opt/airflow/dags/docker-task.py                           1           0  0.14s           2023-05-24T12:49:21
================================================================================
[2023-05-24T12:49:59.869+0000] {manager.py:854} INFO - 
================================================================================
DAG File Processing Stats

File Path                         PID    Runtime      # DAGs    # Errors  Last Runtime    Last Run
--------------------------------  -----  ---------  --------  ----------  --------------  -------------------
/opt/airflow/dags/docker-task.py                           1           0  0.13s           2023-05-24T12:49:51
================================================================================
[2023-05-24T12:50:30.182+0000] {manager.py:854} INFO - 
================================================================================
DAG File Processing Stats

File Path                         PID    Runtime      # DAGs    # Errors  Last Runtime    Last Run
--------------------------------  -----  ---------  --------  ----------  --------------  -------------------
/opt/airflow/dags/docker-task.py                           1           0  0.15s           2023-05-24T12:50:22
================================================================================
[2023-05-24T12:51:00.453+0000] {manager.py:854} INFO - 
================================================================================
DAG File Processing Stats

File Path                         PID    Runtime      # DAGs    # Errors  Last Runtime    Last Run
--------------------------------  -----  ---------  --------  ----------  --------------  -------------------
/opt/airflow/dags/docker-task.py                           1           0  0.16s           2023-05-24T12:50:52
================================================================================
[2023-05-24T12:51:30.808+0000] {manager.py:854} INFO - 
================================================================================
DAG File Processing Stats

File Path                         PID    Runtime      # DAGs    # Errors  Last Runtime    Last Run
--------------------------------  -----  ---------  --------  ----------  --------------  -------------------
/opt/airflow/dags/docker-task.py                           1           0  0.14s           2023-05-24T12:51:22
================================================================================
[2023-05-24T12:52:01.080+0000] {manager.py:854} INFO - 
================================================================================
DAG File Processing Stats

File Path                         PID    Runtime      # DAGs    # Errors  Last Runtime    Last Run
--------------------------------  -----  ---------  --------  ----------  --------------  -------------------
/opt/airflow/dags/docker-task.py                           1           0  0.13s           2023-05-24T12:51:53
================================================================================
[2023-05-24T12:52:31.638+0000] {manager.py:854} INFO - 
================================================================================
DAG File Processing Stats

File Path                           PID  Runtime      # DAGs    # Errors  Last Runtime    Last Run
--------------------------------  -----  ---------  --------  ----------  --------------  -------------------
/opt/airflow/dags/docker-task.py   1922  0.01s             0           1  0.06s           2023-05-24T12:52:24
================================================================================
[2023-05-24T12:53:01.922+0000] {manager.py:854} INFO - 
================================================================================
DAG File Processing Stats

File Path                           PID  Runtime      # DAGs    # Errors  Last Runtime    Last Run
--------------------------------  -----  ---------  --------  ----------  --------------  -------------------
/opt/airflow/dags/docker-task.py   1959  0.02s             0           1  0.08s           2023-05-24T12:52:31
================================================================================
[2023-05-24T12:53:18.092+0000] {manager.py:726} INFO - Searching for files in /opt/airflow/dags
[2023-05-24T12:53:18.102+0000] {manager.py:729} INFO - There are 1 files in /opt/airflow/dags
[2023-05-24T12:53:28.203+0000] {manager.py:520} INFO - DAG docker-dag is missing and will be deactivated.
[2023-05-24T12:53:28.215+0000] {manager.py:530} INFO - Deactivated 1 DAGs which are no longer present in file.
[2023-05-24T12:53:28.223+0000] {manager.py:534} INFO - Deleted DAG docker-dag in serialized_dag table
[2023-05-24T12:53:32.290+0000] {manager.py:854} INFO - 
================================================================================
DAG File Processing Stats

File Path                           PID  Runtime      # DAGs    # Errors  Last Runtime    Last Run
--------------------------------  -----  ---------  --------  ----------  --------------  -------------------
/opt/airflow/dags/docker-task.py   1984  0.02s             0           1  0.08s           2023-05-24T12:53:01
================================================================================
[2023-05-24T12:54:02.577+0000] {manager.py:854} INFO - 
================================================================================
DAG File Processing Stats

File Path                           PID  Runtime      # DAGs    # Errors  Last Runtime    Last Run
--------------------------------  -----  ---------  --------  ----------  --------------  -------------------
/opt/airflow/dags/docker-task.py   2022  0.02s             0           1  0.09s           2023-05-24T12:53:32
================================================================================
[2023-05-24T12:54:32.899+0000] {manager.py:854} INFO - 
================================================================================
DAG File Processing Stats

File Path                           PID  Runtime      # DAGs    # Errors  Last Runtime    Last Run
--------------------------------  -----  ---------  --------  ----------  --------------  -------------------
/opt/airflow/dags/docker-task.py   2059  0.01s             0           1  0.08s           2023-05-24T12:54:02
================================================================================
[2023-05-24T12:55:03.212+0000] {manager.py:854} INFO - 
================================================================================
DAG File Processing Stats

File Path                           PID  Runtime      # DAGs    # Errors  Last Runtime    Last Run
--------------------------------  -----  ---------  --------  ----------  --------------  -------------------
/opt/airflow/dags/docker-task.py   2084  0.02s             0           1  0.07s           2023-05-24T12:54:32
================================================================================
[2023-05-24T12:55:33.496+0000] {manager.py:854} INFO - 
================================================================================
DAG File Processing Stats

File Path                           PID  Runtime      # DAGs    # Errors  Last Runtime    Last Run
--------------------------------  -----  ---------  --------  ----------  --------------  -------------------
/opt/airflow/dags/docker-task.py   2121  0.02s             0           1  0.08s           2023-05-24T12:55:03
================================================================================
[2023-05-24T12:56:03.780+0000] {manager.py:854} INFO - 
================================================================================
DAG File Processing Stats

File Path                           PID  Runtime      # DAGs    # Errors  Last Runtime    Last Run
--------------------------------  -----  ---------  --------  ----------  --------------  -------------------
/opt/airflow/dags/docker-task.py   2154  0.00s             0           1  0.09s           2023-05-24T12:55:33
================================================================================
[2023-05-24T12:56:34.074+0000] {manager.py:854} INFO - 
================================================================================
DAG File Processing Stats

File Path                           PID  Runtime      # DAGs    # Errors  Last Runtime    Last Run
--------------------------------  -----  ---------  --------  ----------  --------------  -------------------
/opt/airflow/dags/docker-task.py   2182  0.02s             0           1  0.05s           2023-05-24T12:56:03
================================================================================
[2023-05-24T12:57:04.369+0000] {manager.py:854} INFO - 
================================================================================
DAG File Processing Stats

File Path                           PID  Runtime      # DAGs    # Errors  Last Runtime    Last Run
--------------------------------  -----  ---------  --------  ----------  --------------  -------------------
/opt/airflow/dags/docker-task.py   2219  0.02s             0           1  0.09s           2023-05-24T12:56:34
================================================================================
[2023-05-24T12:57:34.660+0000] {manager.py:854} INFO - 
================================================================================
DAG File Processing Stats

File Path                           PID  Runtime      # DAGs    # Errors  Last Runtime    Last Run
--------------------------------  -----  ---------  --------  ----------  --------------  -------------------
/opt/airflow/dags/docker-task.py   2252  0.00s             0           1  0.08s           2023-05-24T12:57:04
================================================================================
[2023-05-24T12:58:04.960+0000] {manager.py:854} INFO - 
================================================================================
DAG File Processing Stats

File Path                           PID  Runtime      # DAGs    # Errors  Last Runtime    Last Run
--------------------------------  -----  ---------  --------  ----------  --------------  -------------------
/opt/airflow/dags/docker-task.py   2280  0.02s             0           1  0.05s           2023-05-24T12:57:34
================================================================================
[2023-05-24T12:58:18.109+0000] {manager.py:726} INFO - Searching for files in /opt/airflow/dags
[2023-05-24T12:58:18.116+0000] {manager.py:729} INFO - There are 1 files in /opt/airflow/dags
[2023-05-24T12:58:35.242+0000] {manager.py:854} INFO - 
================================================================================
DAG File Processing Stats

File Path                           PID  Runtime      # DAGs    # Errors  Last Runtime    Last Run
--------------------------------  -----  ---------  --------  ----------  --------------  -------------------
/opt/airflow/dags/docker-task.py   2317  0.02s             0           1  0.07s           2023-05-24T12:58:05
================================================================================
[2023-05-24T12:59:05.497+0000] {manager.py:854} INFO - 
================================================================================
DAG File Processing Stats

File Path                           PID  Runtime      # DAGs    # Errors  Last Runtime    Last Run
--------------------------------  -----  ---------  --------  ----------  --------------  -------------------
/opt/airflow/dags/docker-task.py   2354  0.01s             0           1  0.08s           2023-05-24T12:58:35
================================================================================
[2023-05-24T12:59:35.759+0000] {manager.py:854} INFO - 
================================================================================
DAG File Processing Stats

File Path                           PID  Runtime      # DAGs    # Errors  Last Runtime    Last Run
--------------------------------  -----  ---------  --------  ----------  --------------  -------------------
/opt/airflow/dags/docker-task.py   2379  0.01s             0           1  0.08s           2023-05-24T12:59:05
================================================================================
[2023-05-24T13:00:06.035+0000] {manager.py:854} INFO - 
================================================================================
DAG File Processing Stats

File Path                           PID  Runtime      # DAGs    # Errors  Last Runtime    Last Run
--------------------------------  -----  ---------  --------  ----------  --------------  -------------------
/opt/airflow/dags/docker-task.py   2417  0.02s             0           1  0.08s           2023-05-24T12:59:35
================================================================================
[2023-05-24T13:00:36.282+0000] {manager.py:854} INFO - 
================================================================================
DAG File Processing Stats

File Path                           PID  Runtime      # DAGs    # Errors  Last Runtime    Last Run
--------------------------------  -----  ---------  --------  ----------  --------------  -------------------
/opt/airflow/dags/docker-task.py   2449  0.00s             0           1  0.08s           2023-05-24T13:00:06
================================================================================
[2023-05-24T13:01:06.550+0000] {manager.py:854} INFO - 
================================================================================
DAG File Processing Stats

File Path                           PID  Runtime      # DAGs    # Errors  Last Runtime    Last Run
--------------------------------  -----  ---------  --------  ----------  --------------  -------------------
/opt/airflow/dags/docker-task.py   2478  0.02s             0           1  0.05s           2023-05-24T13:00:36
================================================================================
[2023-05-24T13:01:36.850+0000] {manager.py:854} INFO - 
================================================================================
DAG File Processing Stats

File Path                           PID  Runtime      # DAGs    # Errors  Last Runtime    Last Run
--------------------------------  -----  ---------  --------  ----------  --------------  -------------------
/opt/airflow/dags/docker-task.py   2515  0.02s             0           1  0.10s           2023-05-24T13:01:06
================================================================================
[2023-05-24T13:02:07.101+0000] {manager.py:854} INFO - 
================================================================================
DAG File Processing Stats

File Path                           PID  Runtime      # DAGs    # Errors  Last Runtime    Last Run
--------------------------------  -----  ---------  --------  ----------  --------------  -------------------
/opt/airflow/dags/docker-task.py   2549  0.00s             0           1  0.08s           2023-05-24T13:01:36
================================================================================
[2023-05-24T13:02:37.365+0000] {manager.py:854} INFO - 
================================================================================
DAG File Processing Stats

File Path                           PID  Runtime      # DAGs    # Errors  Last Runtime    Last Run
--------------------------------  -----  ---------  --------  ----------  --------------  -------------------
/opt/airflow/dags/docker-task.py   2577  0.01s             0           1  0.04s           2023-05-24T13:02:07
================================================================================
[2023-05-24T13:03:07.601+0000] {manager.py:854} INFO - 
================================================================================
DAG File Processing Stats

File Path                           PID  Runtime      # DAGs    # Errors  Last Runtime    Last Run
--------------------------------  -----  ---------  --------  ----------  --------------  -------------------
/opt/airflow/dags/docker-task.py   2614  0.01s             0           1  0.06s           2023-05-24T13:02:37
================================================================================
[2023-05-24T13:03:18.695+0000] {manager.py:726} INFO - Searching for files in /opt/airflow/dags
[2023-05-24T13:03:18.709+0000] {manager.py:729} INFO - There are 1 files in /opt/airflow/dags
[2023-05-24T13:03:37.915+0000] {manager.py:854} INFO - 
================================================================================
DAG File Processing Stats

File Path                         PID    Runtime      # DAGs    # Errors  Last Runtime    Last Run
--------------------------------  -----  ---------  --------  ----------  --------------  -------------------
/opt/airflow/dags/docker-task.py                           0           1  0.06s           2023-05-24T13:03:36
================================================================================
[2023-05-24T13:04:08.285+0000] {manager.py:854} INFO - 
================================================================================
DAG File Processing Stats

File Path                         PID    Runtime      # DAGs    # Errors  Last Runtime    Last Run
--------------------------------  -----  ---------  --------  ----------  --------------  -------------------
/opt/airflow/dags/docker-task.py                           0           1  0.05s           2023-05-24T13:04:06
================================================================================
[2023-05-24T13:04:38.640+0000] {manager.py:854} INFO - 
================================================================================
DAG File Processing Stats

File Path                         PID    Runtime      # DAGs    # Errors  Last Runtime    Last Run
--------------------------------  -----  ---------  --------  ----------  --------------  -------------------
/opt/airflow/dags/docker-task.py                           0           1  0.08s           2023-05-24T13:04:37
================================================================================
[2023-05-24T13:05:08.926+0000] {manager.py:854} INFO - 
================================================================================
DAG File Processing Stats

File Path                         PID    Runtime      # DAGs    # Errors  Last Runtime    Last Run
--------------------------------  -----  ---------  --------  ----------  --------------  -------------------
/opt/airflow/dags/docker-task.py                           1           0  0.18s           2023-05-24T13:04:40
================================================================================
[2023-05-24T13:05:39.333+0000] {manager.py:854} INFO - 
================================================================================
DAG File Processing Stats

File Path                         PID    Runtime      # DAGs    # Errors  Last Runtime    Last Run
--------------------------------  -----  ---------  --------  ----------  --------------  -------------------
/opt/airflow/dags/docker-task.py                           1           0  0.18s           2023-05-24T13:05:11
================================================================================
[2023-05-24T13:06:09.739+0000] {manager.py:854} INFO - 
================================================================================
DAG File Processing Stats

File Path                           PID  Runtime      # DAGs    # Errors  Last Runtime    Last Run
--------------------------------  -----  ---------  --------  ----------  --------------  -------------------
/opt/airflow/dags/docker-task.py   2827  0.02s             0           1  0.12s           2023-05-24T13:06:06
================================================================================
[2023-05-24T13:06:40.297+0000] {manager.py:854} INFO - 
================================================================================
DAG File Processing Stats

File Path                         PID    Runtime      # DAGs    # Errors  Last Runtime    Last Run
--------------------------------  -----  ---------  --------  ----------  --------------  -------------------
/opt/airflow/dags/docker-task.py                           1           0  0.15s           2023-05-24T13:06:30
================================================================================
[2023-05-24T13:07:10.636+0000] {manager.py:854} INFO - 
================================================================================
DAG File Processing Stats

File Path                         PID    Runtime      # DAGs    # Errors  Last Runtime    Last Run
--------------------------------  -----  ---------  --------  ----------  --------------  -------------------
/opt/airflow/dags/docker-task.py                           1           0  0.24s           2023-05-24T13:06:52
================================================================================
[2023-05-24T13:07:41.076+0000] {manager.py:854} INFO - 
================================================================================
DAG File Processing Stats

File Path                         PID    Runtime      # DAGs    # Errors  Last Runtime    Last Run
--------------------------------  -----  ---------  --------  ----------  --------------  -------------------
/opt/airflow/dags/docker-task.py                           1           0  0.18s           2023-05-24T13:07:22
================================================================================
[2023-05-24T13:08:11.318+0000] {manager.py:854} INFO - 
================================================================================
DAG File Processing Stats

File Path                         PID    Runtime      # DAGs    # Errors  Last Runtime    Last Run
--------------------------------  -----  ---------  --------  ----------  --------------  -------------------
/opt/airflow/dags/docker-task.py                           1           0  0.34s           2023-05-24T13:07:53
================================================================================
[2023-05-24T13:08:19.392+0000] {manager.py:726} INFO - Searching for files in /opt/airflow/dags
[2023-05-24T13:08:19.436+0000] {manager.py:729} INFO - There are 1 files in /opt/airflow/dags
[2023-05-24T13:08:41.975+0000] {manager.py:854} INFO - 
================================================================================
DAG File Processing Stats

File Path                         PID    Runtime      # DAGs    # Errors  Last Runtime    Last Run
--------------------------------  -----  ---------  --------  ----------  --------------  -------------------
/opt/airflow/dags/docker-task.py                           1           0  0.18s           2023-05-24T13:08:23
================================================================================
[2023-05-24T13:09:12.360+0000] {manager.py:854} INFO - 
================================================================================
DAG File Processing Stats

File Path                         PID    Runtime      # DAGs    # Errors  Last Runtime    Last Run
--------------------------------  -----  ---------  --------  ----------  --------------  -------------------
/opt/airflow/dags/docker-task.py                           1           0  0.18s           2023-05-24T13:08:54
================================================================================
[2023-05-24T13:09:42.715+0000] {manager.py:854} INFO - 
================================================================================
DAG File Processing Stats

File Path                         PID    Runtime      # DAGs    # Errors  Last Runtime    Last Run
--------------------------------  -----  ---------  --------  ----------  --------------  -------------------
/opt/airflow/dags/docker-task.py                           1           0  0.18s           2023-05-24T13:09:24
================================================================================
[2023-05-24T13:10:13.080+0000] {manager.py:854} INFO - 
================================================================================
DAG File Processing Stats

File Path                         PID    Runtime      # DAGs    # Errors  Last Runtime    Last Run
--------------------------------  -----  ---------  --------  ----------  --------------  -------------------
/opt/airflow/dags/docker-task.py                           1           0  0.22s           2023-05-24T13:09:55
================================================================================
[2023-05-24T13:10:43.446+0000] {manager.py:854} INFO - 
================================================================================
DAG File Processing Stats

File Path                         PID    Runtime      # DAGs    # Errors  Last Runtime    Last Run
--------------------------------  -----  ---------  --------  ----------  --------------  -------------------
/opt/airflow/dags/docker-task.py                           1           0  0.17s           2023-05-24T13:10:25
================================================================================
[2023-05-24T13:11:13.723+0000] {manager.py:854} INFO - 
================================================================================
DAG File Processing Stats

File Path                         PID    Runtime      # DAGs    # Errors  Last Runtime    Last Run
--------------------------------  -----  ---------  --------  ----------  --------------  -------------------
/opt/airflow/dags/docker-task.py                           1           0  0.13s           2023-05-24T13:10:55
================================================================================
[2023-05-24T13:11:44.029+0000] {manager.py:854} INFO - 
================================================================================
DAG File Processing Stats

File Path                         PID    Runtime      # DAGs    # Errors  Last Runtime    Last Run
--------------------------------  -----  ---------  --------  ----------  --------------  -------------------
/opt/airflow/dags/docker-task.py                           1           0  0.17s           2023-05-24T13:11:26
================================================================================
